<?xml version="1.0" encoding="UTF-8"?>
<!-- Generated by org.testng.reporters.JUnitXMLReporter -->
<testsuite ignored="6" hostname="DESKTOP-JPBOFE2" failures="0" tests="11" name="Test1" time="3.75" errors="0" timestamp="2021-08-04T12:36:58 BST">
  <testcase classname="expleo.challengingDom.footer.ChallengingDomFooterTest" name="test_footer_text" time="0.118"/>
  <testcase classname="expleo.challengingDom.footer.ChallengingDomFooterTest" name="test_footer_link" time="0.067"/>
  <testcase classname="expleo.challengingDom.header.ChallengingDomHeaderTest" name="verify_ChallengingDOM" time="0.043"/>
  <testcase classname="expleo.challengingDom.header.ChallengingDomHeaderTest" name="verify_Pagetitle" time="0.012"/>
  <testcase classname="expleo.challengingDom.header.ChallengingDomHeaderTest" name="verify_pageDescription" time="0.034"/>
  <testcase classname="expleo.challengingDom.OtherLinks.ChallengingDomOtherLinks" name="verify_Canvas" time="0.468"/>
  <testcase classname="expleo.challengingDom.OtherLinks.ChallengingDomOtherLinks" name="verify_GitHubLink" time="2.355"/>
  <testcase classname="expleo.challengingDom.Tests.ChallengingDomTests" name="test_delete_presents_at_all_table_rows" time="0.231"/>
  <testcase classname="expleo.challengingDom.Tests.ChallengingDomTests" name="test_edit_presents_at_all_table_rows" time="0.197"/>
  <testcase classname="expleo.challengingDom.Tests.ChallengingDomTests" name="test_table_headers" time="0.059"/>
  <testcase classname="expleo.challengingDom.Tests.ChallengingDomTests" name="test_table_size_should_be_10" time="0.021"/>
  <testcase classname="expleo.challengingDom.BaseTest.BaseTestCase" name="@BeforeSuite Launch_App" time="0.0">
    <ignored/>
  </testcase> <!-- @BeforeSuite Launch_App -->
  <testcase classname="expleo.challengingDom.BaseTest.BaseTestCase" name="@BeforeSuite Launch_App" time="0.0">
    <ignored/>
  </testcase> <!-- @BeforeSuite Launch_App -->
  <testcase classname="expleo.challengingDom.BaseTest.BaseTestCase" name="@BeforeSuite Launch_App" time="0.0">
    <ignored/>
  </testcase> <!-- @BeforeSuite Launch_App -->
  <testcase classname="expleo.challengingDom.BaseTest.BaseTestCase" name="@AfterSuite Close_App" time="0.0">
    <ignored/>
  </testcase> <!-- @AfterSuite Close_App -->
  <testcase classname="expleo.challengingDom.BaseTest.BaseTestCase" name="@AfterSuite Close_App" time="0.0">
    <ignored/>
  </testcase> <!-- @AfterSuite Close_App -->
  <testcase classname="expleo.challengingDom.BaseTest.BaseTestCase" name="@AfterSuite Close_App" time="0.0">
    <ignored/>
  </testcase> <!-- @AfterSuite Close_App -->
</testsuite> <!-- Test1 -->
