<?xml version="1.0" encoding="UTF-8"?>
<testsuite xmlns:xsi="http://www.w3.org/2001/XMLSchema-instance" xsi:noNamespaceSchemaLocation="https://maven.apache.org/surefire/maven-surefire-plugin/xsd/surefire-test-report.xsd" name="TestSuite" time="1.611" tests="11" errors="0" skipped="10" failures="1">
  <properties>
[...]
</properties>
  <testcase name="Launch_App" classname="expleo.challengingDom.BaseTest.BaseTestCase" time="1.256">
    <failure message="The path to the driver executable must be set by the webdriver.gecko.driver system property; for more information, see https://github.com/mozilla/geckodriver. The latest version can be downloaded from https://github.com/mozilla/geckodriver/releases" type="java.lang.IllegalStateException">java.lang.IllegalStateException: The path to the driver executable must be set by the webdriver.gecko.driver system property; for more information, see https://github.com/mozilla/geckodriver. The latest version can be downloaded from https://github.com/mozilla/geckodriver/releases
	at expleo.challengingDom.BaseTest.BaseTestCase.Launch_App(BaseTestCase.java:29)
</failure>
  </testcase>
  <testcase name="test_footer_text" classname="expleo.challengingDom.footer.ChallengingDomFooterTest" time="0">
    <skipped message="The path to the driver executable must be set by the webdriver.gecko.driver system property; for more information, see https://github.com/mozilla/geckodriver. The latest version can be downloaded from https://github.com/mozilla/geckodriver/releases"/>
  </testcase>
  <testcase name="test_footer_link" classname="expleo.challengingDom.footer.ChallengingDomFooterTest" time="0">
    <skipped message="The path to the driver executable must be set by the webdriver.gecko.driver system property; for more information, see https://github.com/mozilla/geckodriver. The latest version can be downloaded from https://github.com/mozilla/geckodriver/releases"/>
  </testcase>
  <testcase name="verify_Pagetitle" classname="expleo.challengingDom.header.ChallengingDomHeaderTest" time="0">
    <skipped message="The path to the driver executable must be set by the webdriver.gecko.driver system property; for more information, see https://github.com/mozilla/geckodriver. The latest version can be downloaded from https://github.com/mozilla/geckodriver/releases"/>
  </testcase>
  <testcase name="verify_ChallengingDOM" classname="expleo.challengingDom.header.ChallengingDomHeaderTest" time="0">
    <skipped message="The path to the driver executable must be set by the webdriver.gecko.driver system property; for more information, see https://github.com/mozilla/geckodriver. The latest version can be downloaded from https://github.com/mozilla/geckodriver/releases"/>
  </testcase>
  <testcase name="verify_pageDescription" classname="expleo.challengingDom.header.ChallengingDomHeaderTest" time="0">
    <skipped message="The path to the driver executable must be set by the webdriver.gecko.driver system property; for more information, see https://github.com/mozilla/geckodriver. The latest version can be downloaded from https://github.com/mozilla/geckodriver/releases"/>
  </testcase>
  <testcase name="test_table_headers" classname="expleo.challengingDom.Tests.ChallengingDomTests" time="0">
    <skipped message="The path to the driver executable must be set by the webdriver.gecko.driver system property; for more information, see https://github.com/mozilla/geckodriver. The latest version can be downloaded from https://github.com/mozilla/geckodriver/releases"/>
  </testcase>
  <testcase name="test_table_size_should_be_10" classname="expleo.challengingDom.Tests.ChallengingDomTests" time="0">
    <skipped message="The path to the driver executable must be set by the webdriver.gecko.driver system property; for more information, see https://github.com/mozilla/geckodriver. The latest version can be downloaded from https://github.com/mozilla/geckodriver/releases"/>
  </testcase>
  <testcase name="test_edit_presents_at_all_table_rows" classname="expleo.challengingDom.Tests.ChallengingDomTests" time="0">
    <skipped message="The path to the driver executable must be set by the webdriver.gecko.driver system property; for more information, see https://github.com/mozilla/geckodriver. The latest version can be downloaded from https://github.com/mozilla/geckodriver/releases"/>
  </testcase>
  <testcase name="test_delete_presents_at_all_table_rows" classname="expleo.challengingDom.Tests.ChallengingDomTests" time="0">
    <skipped message="The path to the driver executable must be set by the webdriver.gecko.driver system property; for more information, see https://github.com/mozilla/geckodriver. The latest version can be downloaded from https://github.com/mozilla/geckodriver/releases"/>
  </testcase>
  <testcase name="Close_App" classname="expleo.challengingDom.BaseTest.BaseTestCase" time="0">
    <skipped/>
  </testcase>
</testsuite>