<?xml version="1.0" encoding="UTF-8"?>
<testng-results ignored="0" total="2" passed="2" failed="0" skipped="0">
  <reporter-output>
  </reporter-output>
  <suite started-at="2021-08-04T13:09:32 BST" name="Suite" finished-at="2021-08-04T13:09:44 BST" duration-ms="12527">
    <groups>
    </groups>
    <test started-at="2021-08-04T13:09:32 BST" name="Onchrome" finished-at="2021-08-04T13:09:38 BST" duration-ms="6394">
      <class name="CrossBroserTesting.ChallengingDOMCrossBrowser">
        <test-method signature="Gd(java.lang.String)[pri:0, instance:CrossBroserTesting.ChallengingDOMCrossBrowser@747ddf94]" started-at="2021-08-04T13:09:32 BST" name="Gd" finished-at="2021-08-04T13:09:38 BST" duration-ms="6307" status="PASS">
          <params>
            <param index="0">
              <value>
                <![CDATA[chrome]]>
              </value>
            </param>
          </params>
          <reporter-output>
          </reporter-output>
        </test-method> <!-- Gd -->
      </class> <!-- CrossBroserTesting.ChallengingDOMCrossBrowser -->
    </test> <!-- Onchrome -->
    <test started-at="2021-08-04T13:09:32 BST" name="Onfirefox" finished-at="2021-08-04T13:09:44 BST" duration-ms="12527">
      <class name="CrossBroserTesting.ChallengingDOMCrossBrowser">
        <test-method signature="Gd(java.lang.String)[pri:0, instance:CrossBroserTesting.ChallengingDOMCrossBrowser@222545dc]" started-at="2021-08-04T13:09:32 BST" name="Gd" finished-at="2021-08-04T13:09:44 BST" duration-ms="12448" status="PASS">
          <params>
            <param index="0">
              <value>
                <![CDATA[firefox]]>
              </value>
            </param>
          </params>
          <reporter-output>
          </reporter-output>
        </test-method> <!-- Gd -->
      </class> <!-- CrossBroserTesting.ChallengingDOMCrossBrowser -->
    </test> <!-- Onfirefox -->
  </suite> <!-- Suite -->
</testng-results>
